16:56:18.602 [main] INFO  BasePackage.BaseClass - The User is navigated to the coursera Home Page
16:56:18.889 [main] INFO  BasePackage.BaseClass - The user sends the input as Web Development Courses as input to search Box
16:56:27.207 [main] INFO  BasePackage.BaseClass - The user clicks on the search button
16:56:27.822 [main] INFO  BasePackage.BaseClass - The user selected the language as English
16:56:28.063 [main] INFO  BasePackage.BaseClass - The user selected the level as Beginner
16:56:29.039 [main] INFO  BasePackage.BaseClass - The status of the filters is applied
16:56:29.265 [main] INFO  BasePackage.BaseClass - Capturing the list of Courses
16:56:51.522 [main] INFO  BasePackage.BaseClass - Captured the first two courses and printed to the console
16:56:58.055 [main] INFO  BasePackage.BaseClass - The User is navigated to the coursera Home Page
16:56:59.687 [main] INFO  BasePackage.BaseClass - Clicking on Explore Button
16:57:00.109 [main] INFO  BasePackage.BaseClass - Clicking on Language Learning
16:57:00.346 [main] INFO  BasePackage.BaseClass - Clicking on All Language Courses
16:57:21.530 [main] INFO  BasePackage.BaseClass - Navigated to All Language Courses
16:57:21.915 [main] INFO  BasePackage.BaseClass - Selecting Course Levels
16:57:24.323 [main] INFO  BasePackage.BaseClass - Capturing all available languages
16:57:25.168 [main] INFO  BasePackage.BaseClass - Clicking on close button
16:57:27.948 [main] INFO  BasePackage.BaseClass - Capturing all available languages
16:57:28.671 [main] INFO  BasePackage.BaseClass - Clicking on close button
16:57:30.487 [main] INFO  BasePackage.BaseClass - Capturing all available languages
16:57:31.234 [main] INFO  BasePackage.BaseClass - Clicking on close button
16:57:33.759 [main] INFO  BasePackage.BaseClass - Capturing all available languages
16:57:34.479 [main] INFO  BasePackage.BaseClass - Clicking on close button
16:57:44.305 [main] INFO  BasePackage.BaseClass - user scrolling the page to the bottom
16:57:54.185 [main] INFO  BasePackage.BaseClass - User clicked on ForEnterprise
16:57:54.699 [main] INFO  BasePackage.BaseClass - Users clicks on the solutions
16:58:16.651 [main] INFO  BasePackage.BaseClass - users clicks on the ready to transform
16:58:16.799 [main] INFO  BasePackage.BaseClass - User navigated to ready to transform page
16:58:16.800 [main] INFO  BasePackage.BaseClass - user entered all the detailed
16:58:18.194 [main] INFO  BasePackage.BaseClass - User captured the error message
16:58:26.746 [main] INFO  BasePackage.BaseClass - user scrolling the page to the bottom
16:58:34.819 [main] INFO  BasePackage.BaseClass - User clicked on ForEnterprise
16:58:35.391 [main] INFO  BasePackage.BaseClass - Users clicks on the solutions
16:58:46.116 [main] INFO  BasePackage.BaseClass - users clicks on the ready to transform
16:58:46.294 [main] INFO  BasePackage.BaseClass - User navigated to ready to transform page
16:58:46.294 [main] INFO  BasePackage.BaseClass - user entered all the detailed
16:58:47.606 [main] INFO  BasePackage.BaseClass - User captured the error message
16:58:56.303 [main] INFO  BasePackage.BaseClass - user scrolling the page to the bottom
16:59:04.022 [main] INFO  BasePackage.BaseClass - User clicked on ForEnterprise
16:59:04.457 [main] INFO  BasePackage.BaseClass - Users clicks on the solutions
16:59:27.615 [main] INFO  BasePackage.BaseClass - users clicks on the ready to transform
16:59:27.761 [main] INFO  BasePackage.BaseClass - User navigated to ready to transform page
16:59:27.761 [main] INFO  BasePackage.BaseClass - user entered all the detailed
16:59:29.478 [main] INFO  BasePackage.BaseClass - User captured the error message
